[ERROR][error.go:95]2025/12/12 16:57:52 200400 缺少刷新令牌
[ERROR][error.go:95]2025/12/12 17:01:34 200400 缺少刷新令牌
[ERROR][error.go:95]2025/12/12 17:01:34 200400 缺少刷新令牌
[ERROR][error.go:95]2025/12/12 17:01:42 200400 缺少刷新令牌
[ERROR][error.go:95]2025/12/12 17:01:45 200400 缺少刷新令牌
[ERROR][error.go:95]2025/12/12 17:07:45 200400 缺少刷新令牌
[ERROR][error.go:95]2025/12/12 17:08:03 200400 缺少刷新令牌
[ERROR][error.go:95]2025/12/12 17:08:03 200400 缺少刷新令牌
[ERROR][error.go:95]2025/12/12 17:08:27 200400 缺少刷新令牌
[ERROR][error.go:95]2025/12/12 17:09:34 200400 缺少刷新令牌
[ERROR][error.go:95]2025/12/12 18:15:24 200400 缺少刷新令牌
[ERROR][error.go:95]2025/12/12 18:16:41 200400 缺少刷新令牌
[ERROR][error.go:95]2025/12/12 18:17:40 200400 缺少刷新令牌
[ERROR][error.go:95]2025/12/12 18:18:02 200400 缺少刷新令牌
[ERROR][error.go:95]2025/12/12 18:18:31 200400 缺少刷新令牌
[ERROR][error.go:95]2025/12/12 18:19:22 200400 缺少刷新令牌
[ERROR][error.go:95]2025/12/12 18:21:19 200400 缺少刷新令牌
[ERROR][error.go:95]2025/12/12 18:40:07 200400 缺少刷新令牌
[WARN][app_context.go:28]2025/12/12 22:18:01 [AppContext setup no user found]
[ERROR][user_api.go:20]2025/12/12 22:18:01 200401 无授权信息！
[WARN][app_context.go:28]2025/12/12 22:18:01 [AppContext setup no user found]
[ERROR][user_api.go:20]2025/12/12 22:18:01 200401 无授权信息！
[WARN][app_context.go:28]2025/12/12 22:18:01 [AppContext setup no user found]
[ERROR][user_api.go:20]2025/12/12 22:18:01 200401 无授权信息！
[WARN][app_context.go:28]2025/12/12 22:19:13 [AppContext setup no user found]
[ERROR][user_api.go:20]2025/12/12 22:19:13 200401 无授权信息！
[WARN][app_context.go:28]2025/12/12 22:19:13 [AppContext setup no user found]
[ERROR][user_api.go:20]2025/12/12 22:19:13 200401 无授权信息！
[WARN][app_context.go:28]2025/12/12 22:19:13 [AppContext setup no user found]
[ERROR][user_api.go:20]2025/12/12 22:19:13 200401 无授权信息！
[WARN][app_context.go:28]2025/12/12 22:19:13 [AppContext setup no user found]
[ERROR][user_api.go:20]2025/12/12 22:19:13 200401 无授权信息！
[WARN][app_context.go:28]2025/12/12 22:19:13 [AppContext setup no user found]
[ERROR][user_api.go:20]2025/12/12 22:19:13 200401 无授权信息！
[WARN][app_context.go:28]2025/12/12 22:20:12 [AppContext setup no user found]
[ERROR][user_api.go:20]2025/12/12 22:20:12 200401 无授权信息！
[WARN][app_context.go:28]2025/12/12 22:20:12 [AppContext setup no user found]
[ERROR][user_api.go:20]2025/12/12 22:20:12 200401 无授权信息！
[WARN][app_context.go:28]2025/12/12 22:20:12 [AppContext setup no user found]
[ERROR][user_api.go:20]2025/12/12 22:20:12 200401 无授权信息！
[WARN][app_context.go:28]2025/12/12 22:20:12 [AppContext setup no user found]
[ERROR][user_api.go:20]2025/12/12 22:20:12 200401 无授权信息！
[WARN][app_context.go:28]2025/12/12 22:20:13 [AppContext setup no user found]
[ERROR][user_api.go:20]2025/12/12 22:20:13 200401 无授权信息！
[WARN][app_context.go:28]2025/12/12 22:23:27 [AppContext setup no user found]
[ERROR][user_api.go:20]2025/12/12 22:23:27 200401 无授权信息！
[WARN][app_context.go:28]2025/12/12 22:23:27 [AppContext setup no user found]
[ERROR][user_api.go:20]2025/12/12 22:23:27 200401 无授权信息！
[WARN][app_context.go:28]2025/12/12 22:23:27 [AppContext setup no user found]
[ERROR][user_api.go:20]2025/12/12 22:23:27 200401 无授权信息！
[WARN][app_context.go:28]2025/12/12 22:23:27 [AppContext setup no user found]
[ERROR][user_api.go:20]2025/12/12 22:23:27 200401 无授权信息！
[WARN][app_context.go:28]2025/12/12 22:23:27 [AppContext setup no user found]
[ERROR][user_api.go:20]2025/12/12 22:23:27 200401 无授权信息！
[WARN][app_context.go:28]2025/12/12 22:23:57 [AppContext setup no user found]
[ERROR][user_api.go:20]2025/12/12 22:23:57 200401 无授权信息！
[WARN][app_context.go:28]2025/12/12 22:23:57 [AppContext setup no user found]
[ERROR][user_api.go:20]2025/12/12 22:23:57 200401 无授权信息！
[WARN][app_context.go:28]2025/12/12 22:23:57 [AppContext setup no user found]
[ERROR][user_api.go:20]2025/12/12 22:23:57 200401 无授权信息！
[WARN][app_context.go:28]2025/12/12 22:23:57 [AppContext setup no user found]
[ERROR][user_api.go:20]2025/12/12 22:23:57 200401 无授权信息！
[WARN][app_context.go:28]2025/12/12 22:23:57 [AppContext setup no user found]
[ERROR][user_api.go:20]2025/12/12 22:23:57 200401 无授权信息！
[WARN][app_context.go:28]2025/12/12 22:24:40 [AppContext setup no user found]
[ERROR][user_api.go:20]2025/12/12 22:24:40 200401 无授权信息！
[WARN][app_context.go:28]2025/12/12 22:24:40 [AppContext setup no user found]
[ERROR][user_api.go:20]2025/12/12 22:24:40 200401 无授权信息！
[WARN][app_context.go:28]2025/12/12 22:24:40 [AppContext setup no user found]
[ERROR][user_api.go:20]2025/12/12 22:24:40 200401 无授权信息！
[WARN][app_context.go:28]2025/12/12 22:24:40 [AppContext setup no user found]
[ERROR][user_api.go:20]2025/12/12 22:24:40 200401 无授权信息！
[WARN][app_context.go:28]2025/12/12 22:24:40 [AppContext setup no user found]
[ERROR][user_api.go:20]2025/12/12 22:24:40 200401 无授权信息！
[WARN][app_context.go:28]2025/12/12 22:26:33 [AppContext setup no user found]
[WARN][app_context.go:28]2025/12/12 22:27:04 [AppContext setup no user found]
[ERROR][user_api.go:20]2025/12/12 22:27:29 200401 无授权信息！
[ERROR][user_api.go:20]2025/12/12 22:27:29 200401 无授权信息！
[WARN][app_context.go:28]2025/12/12 22:30:18 [AppContext setup no user found]
[ERROR][user_api.go:20]2025/12/12 22:30:44 [AppContext setup no user found]
[ERROR][user_api.go:20]2025/12/12 22:30:44 200401 无授权信息！
[ERROR][user_api.go:20]2025/12/12 22:30:48 200401 无授权信息！
[WARN][app_context.go:28]2025/12/12 22:32:41 [AppContext setup no user found]
[ERROR][user_api.go:20]2025/12/12 22:32:46 200401 无授权信息！
[WARN][app_context.go:28]2025/12/12 22:32:46 [AppContext setup no user found]
[ERROR][user_api.go:20]2025/12/12 22:32:47 200401 无授权信息！
[WARN][app_context.go:28]2025/12/12 22:34:35 [AppContext setup no user found]
[ERROR][user_api.go:20]2025/12/12 22:34:37 200401 无授权信息！
[WARN][app_context.go:28]2025/12/12 22:34:39 [AppContext setup no user found]
[ERROR][user_api.go:20]2025/12/12 22:34:41 200401 无授权信息！
[WARN][app_context.go:28]2025/12/12 22:34:44 [AppContext setup no user found]
[ERROR][user_api.go:20]2025/12/12 22:34:50 200401 无授权信息！
[WARN][app_context.go:28]2025/12/12 22:34:51 [AppContext setup no user found]
[ERROR][user_api.go:20]2025/12/12 22:34:53 200401 无授权信息！
[WARN][app_context.go:28]2025/12/12 22:35:59 [AppContext setup no user found]
[ERROR][user_api.go:20]2025/12/12 22:36:01 200401 无授权信息！
[WARN][app_context.go:28]2025/12/12 22:36:05 [AppContext setup no user found]
[ERROR][user_api.go:20]2025/12/12 22:36:07 200401 无授权信息！
[WARN][app_context.go:28]2025/12/12 22:36:12 [AppContext setup no user found]
[ERROR][user_api.go:20]2025/12/12 22:36:14 200401 无授权信息！
[WARN][app_context.go:28]2025/12/12 22:36:28 [AppContext setup no user found]
[ERROR][user_api.go:20]2025/12/12 22:36:29 200401 无授权信息！
[WARN][app_context.go:28]2025/12/12 22:37:47 [AppContext setup no user found]
[ERROR][user_api.go:20]2025/12/12 22:37:49 200401 无授权信息！
[WARN][app_context.go:28]2025/12/12 22:37:51 [AppContext setup no user found]
[ERROR][user_api.go:20]2025/12/12 22:37:53 200401 无授权信息！
[WARN][app_context.go:28]2025/12/12 22:37:58 [AppContext setup no user found]
[ERROR][user_api.go:20]2025/12/12 22:37:59 200401 无授权信息！
[WARN][app_context.go:28]2025/12/12 22:38:01 [AppContext setup no user found]
[ERROR][user_api.go:20]2025/12/12 22:38:03 200401 无授权信息！
[INFO][auth.go:28]2025/12/12 22:45:58 [Auth middleware pass. user: 0xc000c4a0c0]
[INFO][auth.go:28]2025/12/12 22:46:52 [已受权 Me user: 0xc000c4a0c0]
[INFO][auth.go:28]2025/12/12 22:46:52 [Auth middleware pass. user: 0xc00003e570]
[INFO][user_api.go:22]2025/12/12 22:46:57 [已受权 Me user: 0xc00003e570]
[INFO][auth.go:28]2025/12/13 10:14:42 [Auth middleware pass. user: 0xc000c4a7b0]
[INFO][user_api.go:22]2025/12/13 10:14:42 [已受权 Me user: 0xc000c4a7b0]
[INFO][auth.go:28]2025/12/13 10:14:42 [Auth middleware pass. user: 0xc000c4ad50]
[INFO][user_api.go:22]2025/12/13 10:14:42 [已受权 Me user: 0xc000c4ad50]
[INFO][auth.go:28]2025/12/13 10:32:12 [Auth middleware pass. user: 0xc00003e180]
[INFO][user_api.go:22]2025/12/13 10:32:12 [已受权 Me user: 0xc00003e180]
[INFO][auth.go:28]2025/12/13 10:32:12 [Auth middleware pass. user: 0xc00003e6c0]
[INFO][user_api.go:22]2025/12/13 10:32:12 [已受权 Me user: 0xc00003e6c0]
[INFO][auth.go:28]2025/12/13 10:49:30 [Auth middleware pass. user: 0xc00003e270]
[INFO][user_api.go:22]2025/12/13 10:49:30 [已受权 Me user: 0xc00003e270]
[INFO][auth.go:28]2025/12/13 10:49:30 [Auth middleware pass. user: 0xc000c4a150]
[INFO][user_api.go:22]2025/12/13 10:49:30 [已受权 Me user: 0xc000c4a150]
[INFO][auth.go:28]2025/12/13 10:52:51 [Auth middleware pass. user: 0xc00003e330]
[INFO][user_api.go:22]2025/12/13 10:52:51 [已受权 Me user: 0xc00003e330]
[INFO][auth.go:28]2025/12/13 10:52:51 [Auth middleware pass. user: 0xc000c4a1b0]
[INFO][user_api.go:22]2025/12/13 10:52:51 [已受权 Me user: 0xc000c4a1b0]
[INFO][auth.go:28]2025/12/13 10:54:37 [Auth middleware pass. user: 0xc00003e210]
[INFO][user_api.go:22]2025/12/13 10:54:37 [已受权 Me user: 0xc00003e210]
[INFO][auth.go:28]2025/12/13 10:54:37 [Auth middleware pass. user: 0xc000c4a150]
[INFO][user_api.go:22]2025/12/13 10:54:37 [已受权 Me user: 0xc000c4a150]
[INFO][auth.go:28]2025/12/13 11:57:34 [Auth middleware pass. user: 0xc0002c3bc0]
[INFO][user_api.go:22]2025/12/13 11:57:34 [已受权 Me user: 0xc0002c3bc0]
[INFO][auth.go:28]2025/12/13 11:57:34 [Auth middleware pass. user: 0xc000146cf0]
[INFO][user_api.go:22]2025/12/13 11:57:34 [已受权 Me user: 0xc000146cf0]
[INFO][auth.go:28]2025/12/13 11:58:38 [Auth middleware pass. user: 0xc000c4a3f0]
[INFO][user_api.go:22]2025/12/13 11:58:38 [已受权 Me user: 0xc000c4a3f0]
[INFO][auth.go:28]2025/12/13 11:58:38 [Auth middleware pass. user: 0xc000170120]
[INFO][user_api.go:22]2025/12/13 11:58:38 [已受权 Me user: 0xc000170120]
[INFO][auth.go:28]2025/12/13 11:59:31 [Auth middleware pass. user: 0xc00003e960]
[INFO][user_api.go:22]2025/12/13 11:59:31 [已受权 Me user: 0xc00003e960]
[INFO][auth.go:28]2025/12/13 11:59:31 [Auth middleware pass. user: 0xc000170c60]
[INFO][user_api.go:22]2025/12/13 11:59:31 [已受权 Me user: 0xc000170c60]
[INFO][auth.go:28]2025/12/13 12:03:34 [Auth middleware pass. user: 0xc000170c60]
[INFO][user_api.go:22]2025/12/13 12:03:34 [已受权 Me user: 0xc000170c60]
[INFO][auth.go:28]2025/12/13 12:03:34 [Auth middleware pass. user: 0xc000171560]
[INFO][user_api.go:22]2025/12/13 12:03:34 [已受权 Me user: 0xc000171560]
[INFO][auth.go:28]2025/12/13 12:04:27 [Auth middleware pass. user: 0xc000c4a150]
[INFO][user_api.go:22]2025/12/13 12:04:27 [已受权 Me user: 0xc000c4a150]
[INFO][auth.go:28]2025/12/13 12:04:27 [Auth middleware pass. user: 0xc000c4a6f0]
[INFO][user_api.go:22]2025/12/13 12:04:27 [已受权 Me user: 0xc000c4a6f0]
[INFO][auth.go:28]2025/12/13 12:04:30 [Auth middleware pass. user: 0xc000c4ac90]
[INFO][user_api.go:22]2025/12/13 12:04:30 [已受权 Me user: 0xc000c4ac90]
[INFO][auth.go:28]2025/12/13 12:04:30 [Auth middleware pass. user: 0xc000c4aff0]
[INFO][user_api.go:22]2025/12/13 12:04:30 [已受权 Me user: 0xc000c4aff0]
[INFO][auth.go:28]2025/12/13 12:04:52 [Auth middleware pass. user: 0xc000c4b350]
[INFO][user_api.go:22]2025/12/13 12:04:52 [已受权 Me user: 0xc000c4b350]
[INFO][auth.go:28]2025/12/13 12:04:52 [Auth middleware pass. user: 0xc000c4b6b0]
[INFO][user_api.go:22]2025/12/13 12:04:52 [已受权 Me user: 0xc000c4b6b0]
[INFO][auth.go:28]2025/12/13 14:06:16 [Auth middleware pass. user: 0xc0002c3770]
[INFO][user_api.go:22]2025/12/13 14:06:16 [已受权 Me user: 0xc0002c3770]
[INFO][auth.go:28]2025/12/13 14:06:16 [Auth middleware pass. user: 0xc0002c3d10]
[INFO][user_api.go:22]2025/12/13 14:06:16 [已受权 Me user: 0xc0002c3d10]
[INFO][auth.go:28]2025/12/13 16:17:49 [Auth middleware pass. user: 0xc000147350]
[INFO][user_api.go:22]2025/12/13 16:17:49 [已受权 Me user: 0xc000147350]
[INFO][auth.go:28]2025/12/13 16:17:49 [Auth middleware pass. user: 0xc00003ee10]
[INFO][user_api.go:22]2025/12/13 16:17:49 [已受权 Me user: 0xc00003ee10]
